2019-11-29 20:34:39.062  INFO 4064 --- [restartedMain] c.tiktop.TiktopgymmanagementApplication  : Starting TiktopgymmanagementApplication on DESKTOP-70GHNSM with PID 4064 (started by Paing in C:\Users\Paing\Desktop\sts testing environment\tiktopgym_managementsystem\tiktopgymmanagement)
2019-11-29 20:34:39.073  INFO 4064 --- [restartedMain] c.tiktop.TiktopgymmanagementApplication  : No active profile set, falling back to default profiles: default
2019-11-29 20:34:42.912  INFO 4064 --- [restartedMain] o.apache.catalina.core.StandardService   : Starting service [Tomcat]
2019-11-29 20:34:42.917  INFO 4064 --- [restartedMain] org.apache.catalina.core.StandardEngine  : Starting Servlet engine: [Apache Tomcat/9.0.22]
2019-11-29 20:34:43.063  INFO 4064 --- [restartedMain] o.a.c.c.C.[Tomcat].[localhost].[/]       : Initializing Spring embedded WebApplicationContext
2019-11-29 20:34:46.364  INFO 4064 --- [restartedMain] c.tiktop.TiktopgymmanagementApplication  : Started TiktopgymmanagementApplication in 7.967 seconds (JVM running for 8.616)
2019-11-29 20:34:46.458  INFO 4064 --- [http-nio-8080-exec-1] o.a.c.c.C.[Tomcat].[localhost].[/]       : Initializing Spring DispatcherServlet 'dispatcherServlet'
2019-11-29 20:34:47.593  WARN 4064 --- [http-nio-8080-exec-1] o.s.web.servlet.PageNotFound             : No mapping for GET /favicon.ico
2019-11-29 20:34:54.479  INFO 4064 --- [http-nio-8080-exec-2] sObject$$EnhancerBySpringCGLIB$$dc9925b1 :  Check for user access 
2019-11-29 20:34:54.480  INFO 4064 --- [http-nio-8080-exec-2] sObject$$EnhancerBySpringCGLIB$$dc9925b1 :  Allowed execution for execution(UserDetails com.tiktop.services.MemberServiceImpl.loadUserByUsername(String))
2019-11-29 20:34:54.612  INFO 4064 --- [http-nio-8080-exec-2] com.zaxxer.hikari.HikariDataSource       : HikariPool-1 - Starting...
2019-11-29 20:34:55.031  INFO 4064 --- [http-nio-8080-exec-2] com.zaxxer.hikari.HikariDataSource       : HikariPool-1 - Start completed.
2019-11-29 20:34:55.041 DEBUG 4064 --- [http-nio-8080-exec-2] c.tiktop.mapper.MemberMapper.findMember  : ==>  Preparing: SELECT * FROM member WHERE login = ? 
2019-11-29 20:34:55.084 DEBUG 4064 --- [http-nio-8080-exec-2] c.tiktop.mapper.MemberMapper.findMember  : ==> Parameters: ppp(String)
2019-11-29 20:34:55.125 DEBUG 4064 --- [http-nio-8080-exec-2] c.tiktop.mapper.MemberMapper.findMember  : <==      Total: 4
2019-11-29 20:34:55.281  INFO 4064 --- [http-nio-8080-exec-6] sObject$$EnhancerBySpringCGLIB$$dc9925b1 :  Check for user access 
2019-11-29 20:34:55.281  INFO 4064 --- [http-nio-8080-exec-6] sObject$$EnhancerBySpringCGLIB$$dc9925b1 :  Allowed execution for execution(List com.tiktop.services.BookingServiceImpl.findScheduleByDate(Schedule))
2019-11-29 20:34:55.307 DEBUG 4064 --- [http-nio-8080-exec-6] c.t.m.BookingMapper.findScheduleByDate   : ==>  Preparing: SELECT DISTINCT create_date FROM schedule ORDER BY create_date 
2019-11-29 20:34:55.308 DEBUG 4064 --- [http-nio-8080-exec-6] c.t.m.BookingMapper.findScheduleByDate   : ==> Parameters: 
2019-11-29 20:34:55.321 DEBUG 4064 --- [http-nio-8080-exec-6] c.t.m.BookingMapper.findScheduleByDate   : <==      Total: 7
2019-11-29 20:34:55.322  INFO 4064 --- [http-nio-8080-exec-6] sObject$$EnhancerBySpringCGLIB$$dc9925b1 :  Check for user access 
2019-11-29 20:34:55.325  INFO 4064 --- [http-nio-8080-exec-6] sObject$$EnhancerBySpringCGLIB$$dc9925b1 :  Allowed execution for execution(List com.tiktop.services.ScheduleServiceImpl.findSchedule(Schedule))
2019-11-29 20:34:55.355 DEBUG 4064 --- [http-nio-8080-exec-6] c.t.mapper.ScheduleMapper.findSchedule   : ==>  Preparing: SELECT * FROM schedule s join classes c on s.classes_id = c.classes_id join trainer t on s.trainer_id = t.trainer_id WHERE s.create_date = ? order by s.create_date 
2019-11-29 20:34:55.356 DEBUG 4064 --- [http-nio-8080-exec-6] c.t.mapper.ScheduleMapper.findSchedule   : ==> Parameters: 2019-11-21(String)
2019-11-29 20:34:55.392 DEBUG 4064 --- [http-nio-8080-exec-6] c.t.mapper.ScheduleMapper.findSchedule   : <==      Total: 1
2019-11-29 20:34:55.397  INFO 4064 --- [http-nio-8080-exec-6] sObject$$EnhancerBySpringCGLIB$$dc9925b1 :  Check for user access 
2019-11-29 20:34:55.397  INFO 4064 --- [http-nio-8080-exec-6] sObject$$EnhancerBySpringCGLIB$$dc9925b1 :  Allowed execution for execution(List com.tiktop.services.ScheduleServiceImpl.findSchedule(Schedule))
2019-11-29 20:34:55.399 DEBUG 4064 --- [http-nio-8080-exec-6] c.t.mapper.ScheduleMapper.findSchedule   : ==>  Preparing: SELECT * FROM schedule s join classes c on s.classes_id = c.classes_id join trainer t on s.trainer_id = t.trainer_id WHERE s.create_date = ? order by s.create_date 
2019-11-29 20:34:55.399 DEBUG 4064 --- [http-nio-8080-exec-6] c.t.mapper.ScheduleMapper.findSchedule   : ==> Parameters: 2019-11-22(String)
2019-11-29 20:34:55.403 DEBUG 4064 --- [http-nio-8080-exec-6] c.t.mapper.ScheduleMapper.findSchedule   : <==      Total: 2
2019-11-29 20:34:55.404  INFO 4064 --- [http-nio-8080-exec-6] sObject$$EnhancerBySpringCGLIB$$dc9925b1 :  Check for user access 
2019-11-29 20:34:55.404  INFO 4064 --- [http-nio-8080-exec-6] sObject$$EnhancerBySpringCGLIB$$dc9925b1 :  Allowed execution for execution(List com.tiktop.services.ScheduleServiceImpl.findSchedule(Schedule))
2019-11-29 20:34:55.405 DEBUG 4064 --- [http-nio-8080-exec-6] c.t.mapper.ScheduleMapper.findSchedule   : ==>  Preparing: SELECT * FROM schedule s join classes c on s.classes_id = c.classes_id join trainer t on s.trainer_id = t.trainer_id WHERE s.create_date = ? order by s.create_date 
2019-11-29 20:34:55.407 DEBUG 4064 --- [http-nio-8080-exec-6] c.t.mapper.ScheduleMapper.findSchedule   : ==> Parameters: 2019-11-23(String)
2019-11-29 20:34:55.410 DEBUG 4064 --- [http-nio-8080-exec-6] c.t.mapper.ScheduleMapper.findSchedule   : <==      Total: 1
2019-11-29 20:34:55.410  INFO 4064 --- [http-nio-8080-exec-6] sObject$$EnhancerBySpringCGLIB$$dc9925b1 :  Check for user access 
2019-11-29 20:34:55.410  INFO 4064 --- [http-nio-8080-exec-6] sObject$$EnhancerBySpringCGLIB$$dc9925b1 :  Allowed execution for execution(List com.tiktop.services.ScheduleServiceImpl.findSchedule(Schedule))
2019-11-29 20:34:55.411 DEBUG 4064 --- [http-nio-8080-exec-6] c.t.mapper.ScheduleMapper.findSchedule   : ==>  Preparing: SELECT * FROM schedule s join classes c on s.classes_id = c.classes_id join trainer t on s.trainer_id = t.trainer_id WHERE s.create_date = ? order by s.create_date 
2019-11-29 20:34:55.412 DEBUG 4064 --- [http-nio-8080-exec-6] c.t.mapper.ScheduleMapper.findSchedule   : ==> Parameters: 2019-11-24(String)
2019-11-29 20:34:55.416 DEBUG 4064 --- [http-nio-8080-exec-6] c.t.mapper.ScheduleMapper.findSchedule   : <==      Total: 1
2019-11-29 20:34:55.416  INFO 4064 --- [http-nio-8080-exec-6] sObject$$EnhancerBySpringCGLIB$$dc9925b1 :  Check for user access 
2019-11-29 20:34:55.416  INFO 4064 --- [http-nio-8080-exec-6] sObject$$EnhancerBySpringCGLIB$$dc9925b1 :  Allowed execution for execution(List com.tiktop.services.ScheduleServiceImpl.findSchedule(Schedule))
2019-11-29 20:34:55.417 DEBUG 4064 --- [http-nio-8080-exec-6] c.t.mapper.ScheduleMapper.findSchedule   : ==>  Preparing: SELECT * FROM schedule s join classes c on s.classes_id = c.classes_id join trainer t on s.trainer_id = t.trainer_id WHERE s.create_date = ? order by s.create_date 
2019-11-29 20:34:55.418 DEBUG 4064 --- [http-nio-8080-exec-6] c.t.mapper.ScheduleMapper.findSchedule   : ==> Parameters: 2019-11-25(String)
2019-11-29 20:34:55.421 DEBUG 4064 --- [http-nio-8080-exec-6] c.t.mapper.ScheduleMapper.findSchedule   : <==      Total: 1
2019-11-29 20:34:55.421  INFO 4064 --- [http-nio-8080-exec-6] sObject$$EnhancerBySpringCGLIB$$dc9925b1 :  Check for user access 
2019-11-29 20:34:55.422  INFO 4064 --- [http-nio-8080-exec-6] sObject$$EnhancerBySpringCGLIB$$dc9925b1 :  Allowed execution for execution(List com.tiktop.services.ScheduleServiceImpl.findSchedule(Schedule))
2019-11-29 20:34:55.423 DEBUG 4064 --- [http-nio-8080-exec-6] c.t.mapper.ScheduleMapper.findSchedule   : ==>  Preparing: SELECT * FROM schedule s join classes c on s.classes_id = c.classes_id join trainer t on s.trainer_id = t.trainer_id WHERE s.create_date = ? order by s.create_date 
2019-11-29 20:34:55.423 DEBUG 4064 --- [http-nio-8080-exec-6] c.t.mapper.ScheduleMapper.findSchedule   : ==> Parameters: 2019-11-26(String)
2019-11-29 20:34:55.427 DEBUG 4064 --- [http-nio-8080-exec-6] c.t.mapper.ScheduleMapper.findSchedule   : <==      Total: 2
2019-11-29 20:34:55.427  INFO 4064 --- [http-nio-8080-exec-6] sObject$$EnhancerBySpringCGLIB$$dc9925b1 :  Check for user access 
2019-11-29 20:34:55.427  INFO 4064 --- [http-nio-8080-exec-6] sObject$$EnhancerBySpringCGLIB$$dc9925b1 :  Allowed execution for execution(List com.tiktop.services.ScheduleServiceImpl.findSchedule(Schedule))
2019-11-29 20:34:55.428 DEBUG 4064 --- [http-nio-8080-exec-6] c.t.mapper.ScheduleMapper.findSchedule   : ==>  Preparing: SELECT * FROM schedule s join classes c on s.classes_id = c.classes_id join trainer t on s.trainer_id = t.trainer_id WHERE s.create_date = ? order by s.create_date 
2019-11-29 20:34:55.430 DEBUG 4064 --- [http-nio-8080-exec-6] c.t.mapper.ScheduleMapper.findSchedule   : ==> Parameters: 2019-11-27(String)
2019-11-29 20:34:55.437 DEBUG 4064 --- [http-nio-8080-exec-6] c.t.mapper.ScheduleMapper.findSchedule   : <==      Total: 1
2019-11-29 20:35:24.257  INFO 4064 --- [http-nio-8080-exec-9] sObject$$EnhancerBySpringCGLIB$$dc9925b1 :  Check for user access 
2019-11-29 20:35:24.261  INFO 4064 --- [http-nio-8080-exec-9] sObject$$EnhancerBySpringCGLIB$$dc9925b1 :  Allowed execution for execution(Member com.tiktop.services.MemberServiceImpl.findMemberByLogin(String))
2019-11-29 20:35:24.263 DEBUG 4064 --- [http-nio-8080-exec-9] c.tiktop.mapper.MemberMapper.findMember  : ==>  Preparing: SELECT * FROM member WHERE login = ? 
2019-11-29 20:35:24.263 DEBUG 4064 --- [http-nio-8080-exec-9] c.tiktop.mapper.MemberMapper.findMember  : ==> Parameters: ppp(String)
2019-11-29 20:35:24.265 DEBUG 4064 --- [http-nio-8080-exec-9] c.tiktop.mapper.MemberMapper.findMember  : <==      Total: 4
2019-11-29 20:35:24.265  INFO 4064 --- [http-nio-8080-exec-9] sObject$$EnhancerBySpringCGLIB$$dc9925b1 :  Check for user access 
2019-11-29 20:35:24.265  INFO 4064 --- [http-nio-8080-exec-9] sObject$$EnhancerBySpringCGLIB$$dc9925b1 :  Allowed execution for execution(List com.tiktop.services.AttendanceServiceImpl.findAttendance(Attendance))
2019-11-29 20:35:24.289 DEBUG 4064 --- [http-nio-8080-exec-9] c.t.m.AttendanceMapper.findAttendance    : ==>  Preparing: SELECT * FROM attendance WHERE member_id = ? 
2019-11-29 20:35:24.290 DEBUG 4064 --- [http-nio-8080-exec-9] c.t.m.AttendanceMapper.findAttendance    : ==> Parameters: 20(Integer)
2019-11-29 20:35:24.304 DEBUG 4064 --- [http-nio-8080-exec-9] c.t.m.AttendanceMapper.findAttendance    : <==      Total: 4
2019-11-29 20:35:51.653  INFO 4064 --- [http-nio-8080-exec-2] sObject$$EnhancerBySpringCGLIB$$dc9925b1 :  Check for user access 
2019-11-29 20:35:51.654  INFO 4064 --- [http-nio-8080-exec-2] sObject$$EnhancerBySpringCGLIB$$dc9925b1 :  Allowed execution for execution(Member com.tiktop.services.MemberServiceImpl.findMemberByLogin(String))
2019-11-29 20:35:51.655 DEBUG 4064 --- [http-nio-8080-exec-2] c.tiktop.mapper.MemberMapper.findMember  : ==>  Preparing: SELECT * FROM member WHERE login = ? 
2019-11-29 20:35:51.656 DEBUG 4064 --- [http-nio-8080-exec-2] c.tiktop.mapper.MemberMapper.findMember  : ==> Parameters: ppp(String)
2019-11-29 20:35:51.658 DEBUG 4064 --- [http-nio-8080-exec-2] c.tiktop.mapper.MemberMapper.findMember  : <==      Total: 4
2019-11-29 20:35:51.658  INFO 4064 --- [http-nio-8080-exec-2] sObject$$EnhancerBySpringCGLIB$$dc9925b1 :  Check for user access 
2019-11-29 20:35:51.658  INFO 4064 --- [http-nio-8080-exec-2] sObject$$EnhancerBySpringCGLIB$$dc9925b1 :  Allowed execution for execution(Boolean com.tiktop.services.AttendanceServiceImpl.checkDate(Attendance))
2019-11-29 20:37:58.875  INFO 4064 --- [Thread-7] com.zaxxer.hikari.HikariDataSource       : HikariPool-1 - Shutdown initiated...
2019-11-29 20:37:58.887  INFO 4064 --- [Thread-7] com.zaxxer.hikari.HikariDataSource       : HikariPool-1 - Shutdown completed.
2019-11-29 20:37:59.336  INFO 4064 --- [restartedMain] c.tiktop.TiktopgymmanagementApplication  : Starting TiktopgymmanagementApplication on DESKTOP-70GHNSM with PID 4064 (started by Paing in C:\Users\Paing\Desktop\sts testing environment\tiktopgym_managementsystem\tiktopgymmanagement)
2019-11-29 20:37:59.337  INFO 4064 --- [restartedMain] c.tiktop.TiktopgymmanagementApplication  : No active profile set, falling back to default profiles: default
2019-11-29 20:37:59.898  WARN 4064 --- [restartedMain] org.apache.tomcat.util.modeler.Registry  : The MBean registry cannot be disabled because it has already been initialised
2019-11-29 20:37:59.953  INFO 4064 --- [restartedMain] o.apache.catalina.core.StandardService   : Starting service [Tomcat]
2019-11-29 20:37:59.954  INFO 4064 --- [restartedMain] org.apache.catalina.core.StandardEngine  : Starting Servlet engine: [Apache Tomcat/9.0.22]
2019-11-29 20:37:59.967  INFO 4064 --- [restartedMain] o.a.c.c.C.[Tomcat].[localhost].[/]       : Initializing Spring embedded WebApplicationContext
2019-11-29 20:38:01.100  INFO 4064 --- [restartedMain] c.tiktop.TiktopgymmanagementApplication  : Started TiktopgymmanagementApplication in 1.806 seconds (JVM running for 203.353)
2019-11-29 20:38:02.111  INFO 4064 --- [http-nio-8080-exec-1] o.a.c.c.C.[Tomcat].[localhost].[/]       : Initializing Spring DispatcherServlet 'dispatcherServlet'
2019-11-29 20:38:02.137  INFO 4064 --- [http-nio-8080-exec-1] com.zaxxer.hikari.HikariDataSource       : HikariPool-2 - Starting...
2019-11-29 20:38:02.142  INFO 4064 --- [http-nio-8080-exec-1] com.zaxxer.hikari.HikariDataSource       : HikariPool-2 - Start completed.
2019-11-29 20:38:02.143 DEBUG 4064 --- [http-nio-8080-exec-1] c.t.m.BookingMapper.findPackageBooking   : ==>  Preparing: SELECT * FROM booking b join package p on b.package_id = p.package_id join member m on m.member_id = b.member_id WHERE m.login = ? 
2019-11-29 20:38:02.143 DEBUG 4064 --- [http-nio-8080-exec-1] c.t.m.BookingMapper.findPackageBooking   : ==> Parameters: ppp(String)
2019-11-29 20:38:02.183 DEBUG 4064 --- [http-nio-8080-exec-1] c.t.m.BookingMapper.findPackageBooking   : <==      Total: 12
2019-11-29 20:38:02.185 DEBUG 4064 --- [http-nio-8080-exec-1] c.t.m.BookingMapper.findScheduleBooking  : ==>  Preparing: SELECT * FROM booking b join schedule s on b.schedule_id = s.schedule_id join member m on m.member_id = b.member_id WHERE m.login = ? 
2019-11-29 20:38:02.185 DEBUG 4064 --- [http-nio-8080-exec-1] c.t.m.BookingMapper.findScheduleBooking  : ==> Parameters: ppp(String)
2019-11-29 20:38:02.186 DEBUG 4064 --- [http-nio-8080-exec-1] c.t.m.BookingMapper.findScheduleBooking  : <==      Total: 1
2019-11-29 20:38:02.189 DEBUG 4064 --- [http-nio-8080-exec-1] c.t.m.BookingMapper.findTrainerBooking   : ==>  Preparing: SELECT * FROM booking b join trainer t on b.trainer_id = t.trainer_id join member m on m.member_id = b.member_id WHERE m.login = ? 
2019-11-29 20:38:02.189 DEBUG 4064 --- [http-nio-8080-exec-1] c.t.m.BookingMapper.findTrainerBooking   : ==> Parameters: ppp(String)
2019-11-29 20:38:02.190 DEBUG 4064 --- [http-nio-8080-exec-1] c.t.m.BookingMapper.findTrainerBooking   : <==      Total: 0
2019-11-29 20:38:17.273 DEBUG 4064 --- [http-nio-8080-exec-6] c.t.m.BookingMapper.findPackageBooking   : ==>  Preparing: SELECT * FROM booking b join package p on b.package_id = p.package_id join member m on m.member_id = b.member_id WHERE m.login = ? 
2019-11-29 20:38:17.276 DEBUG 4064 --- [http-nio-8080-exec-6] c.t.m.BookingMapper.findPackageBooking   : ==> Parameters: ppp(String)
2019-11-29 20:38:17.286 DEBUG 4064 --- [http-nio-8080-exec-6] c.t.m.BookingMapper.findPackageBooking   : <==      Total: 12
2019-11-29 20:38:17.288 DEBUG 4064 --- [http-nio-8080-exec-6] c.t.m.BookingMapper.findScheduleBooking  : ==>  Preparing: SELECT * FROM booking b join schedule s on b.schedule_id = s.schedule_id join member m on m.member_id = b.member_id WHERE m.login = ? 
2019-11-29 20:38:17.289 DEBUG 4064 --- [http-nio-8080-exec-6] c.t.m.BookingMapper.findScheduleBooking  : ==> Parameters: ppp(String)
2019-11-29 20:38:17.293 DEBUG 4064 --- [http-nio-8080-exec-6] c.t.m.BookingMapper.findScheduleBooking  : <==      Total: 1
2019-11-29 20:38:17.294 DEBUG 4064 --- [http-nio-8080-exec-6] c.t.m.BookingMapper.findTrainerBooking   : ==>  Preparing: SELECT * FROM booking b join trainer t on b.trainer_id = t.trainer_id join member m on m.member_id = b.member_id WHERE m.login = ? 
2019-11-29 20:38:17.295 DEBUG 4064 --- [http-nio-8080-exec-6] c.t.m.BookingMapper.findTrainerBooking   : ==> Parameters: ppp(String)
2019-11-29 20:38:17.296 DEBUG 4064 --- [http-nio-8080-exec-6] c.t.m.BookingMapper.findTrainerBooking   : <==      Total: 0
2019-11-29 20:38:19.124 DEBUG 4064 --- [http-nio-8080-exec-1] c.tiktop.mapper.MemberMapper.findMember  : ==>  Preparing: SELECT * FROM member WHERE login = ? 
2019-11-29 20:38:19.126 DEBUG 4064 --- [http-nio-8080-exec-1] c.tiktop.mapper.MemberMapper.findMember  : ==> Parameters: ppp(String)
2019-11-29 20:38:19.147 DEBUG 4064 --- [http-nio-8080-exec-1] c.tiktop.mapper.MemberMapper.findMember  : <==      Total: 4
2019-11-29 20:38:19.163 DEBUG 4064 --- [http-nio-8080-exec-1] c.t.m.AttendanceMapper.findAttendance    : ==>  Preparing: SELECT * FROM attendance WHERE member_id = ? 
2019-11-29 20:38:19.175 DEBUG 4064 --- [http-nio-8080-exec-1] c.t.m.AttendanceMapper.findAttendance    : ==> Parameters: 20(Integer)
2019-11-29 20:38:19.177 DEBUG 4064 --- [http-nio-8080-exec-1] c.t.m.AttendanceMapper.findAttendance    : <==      Total: 4
2019-11-29 20:39:26.765  INFO 4064 --- [Thread-11] com.zaxxer.hikari.HikariDataSource       : HikariPool-2 - Shutdown initiated...
2019-11-29 20:39:26.774  INFO 4064 --- [Thread-11] com.zaxxer.hikari.HikariDataSource       : HikariPool-2 - Shutdown completed.
2019-11-29 20:39:27.219  INFO 4064 --- [restartedMain] c.tiktop.TiktopgymmanagementApplication  : Starting TiktopgymmanagementApplication on DESKTOP-70GHNSM with PID 4064 (started by Paing in C:\Users\Paing\Desktop\sts testing environment\tiktopgym_managementsystem\tiktopgymmanagement)
2019-11-29 20:39:27.219  INFO 4064 --- [restartedMain] c.tiktop.TiktopgymmanagementApplication  : No active profile set, falling back to default profiles: default
2019-11-29 20:39:27.658  WARN 4064 --- [restartedMain] ConfigServletWebServerApplicationContext : Exception encountered during context initialization - cancelling refresh attempt: org.springframework.context.ApplicationContextException: Unable to start web server; nested exception is org.springframework.beans.factory.BeanCreationException: Error creating bean with name 'tomcatServletWebServerFactory' defined in class path resource [org/springframework/boot/autoconfigure/web/servlet/ServletWebServerFactoryConfiguration$EmbeddedTomcat.class]: BeanPostProcessor before instantiation of bean failed; nested exception is org.springframework.beans.factory.BeanCreationException: Error creating bean with name 'org.springframework.transaction.annotation.ProxyTransactionManagementConfiguration': Initialization of bean failed; nested exception is java.lang.IllegalArgumentException: warning no match for this type name: com.tiktop [Xlint:invalidAbsoluteTypeName]
2019-11-29 20:39:27.667 ERROR 4064 --- [restartedMain] o.s.boot.SpringApplication               : Application run failed

org.springframework.context.ApplicationContextException: Unable to start web server; nested exception is org.springframework.beans.factory.BeanCreationException: Error creating bean with name 'tomcatServletWebServerFactory' defined in class path resource [org/springframework/boot/autoconfigure/web/servlet/ServletWebServerFactoryConfiguration$EmbeddedTomcat.class]: BeanPostProcessor before instantiation of bean failed; nested exception is org.springframework.beans.factory.BeanCreationException: Error creating bean with name 'org.springframework.transaction.annotation.ProxyTransactionManagementConfiguration': Initialization of bean failed; nested exception is java.lang.IllegalArgumentException: warning no match for this type name: com.tiktop [Xlint:invalidAbsoluteTypeName]
	at org.springframework.boot.web.servlet.context.ServletWebServerApplicationContext.onRefresh(ServletWebServerApplicationContext.java:156) ~[spring-boot-2.2.0.M5.jar:2.2.0.M5]
	at org.springframework.context.support.AbstractApplicationContext.refresh(AbstractApplicationContext.java:543) ~[spring-context-5.2.0.RC1.jar:5.2.0.RC1]
	at org.springframework.boot.web.servlet.context.ServletWebServerApplicationContext.refresh(ServletWebServerApplicationContext.java:141) ~[spring-boot-2.2.0.M5.jar:2.2.0.M5]
	at org.springframework.boot.SpringApplication.refresh(SpringApplication.java:746) [spring-boot-2.2.0.M5.jar:2.2.0.M5]
	at org.springframework.boot.SpringApplication.refreshContext(SpringApplication.java:396) [spring-boot-2.2.0.M5.jar:2.2.0.M5]
	at org.springframework.boot.SpringApplication.run(SpringApplication.java:315) [spring-boot-2.2.0.M5.jar:2.2.0.M5]
	at org.springframework.boot.SpringApplication.run(SpringApplication.java:1225) [spring-boot-2.2.0.M5.jar:2.2.0.M5]
	at org.springframework.boot.SpringApplication.run(SpringApplication.java:1214) [spring-boot-2.2.0.M5.jar:2.2.0.M5]
	at com.tiktop.TiktopgymmanagementApplication.main(TiktopgymmanagementApplication.java:10) [classes/:na]
	at sun.reflect.NativeMethodAccessorImpl.invoke0(Native Method) ~[na:1.8.0_191]
	at sun.reflect.NativeMethodAccessorImpl.invoke(Unknown Source) ~[na:1.8.0_191]
	at sun.reflect.DelegatingMethodAccessorImpl.invoke(Unknown Source) ~[na:1.8.0_191]
	at java.lang.reflect.Method.invoke(Unknown Source) ~[na:1.8.0_191]
	at org.springframework.boot.devtools.restart.RestartLauncher.run(RestartLauncher.java:49) [spring-boot-devtools-2.2.0.M5.jar:2.2.0.M5]
Caused by: org.springframework.beans.factory.BeanCreationException: Error creating bean with name 'tomcatServletWebServerFactory' defined in class path resource [org/springframework/boot/autoconfigure/web/servlet/ServletWebServerFactoryConfiguration$EmbeddedTomcat.class]: BeanPostProcessor before instantiation of bean failed; nested exception is org.springframework.beans.factory.BeanCreationException: Error creating bean with name 'org.springframework.transaction.annotation.ProxyTransactionManagementConfiguration': Initialization of bean failed; nested exception is java.lang.IllegalArgumentException: warning no match for this type name: com.tiktop [Xlint:invalidAbsoluteTypeName]
	at org.springframework.beans.factory.support.AbstractAutowireCapableBeanFactory.createBean(AbstractAutowireCapableBeanFactory.java:512) ~[spring-beans-5.2.0.RC1.jar:5.2.0.RC1]
	at org.springframework.beans.factory.support.AbstractBeanFactory.lambda$doGetBean$0(AbstractBeanFactory.java:323) ~[spring-beans-5.2.0.RC1.jar:5.2.0.RC1]
	at org.springframework.beans.factory.support.DefaultSingletonBeanRegistry.getSingleton(DefaultSingletonBeanRegistry.java:222) ~[spring-beans-5.2.0.RC1.jar:5.2.0.RC1]
	at org.springframework.beans.factory.support.AbstractBeanFactory.doGetBean(AbstractBeanFactory.java:321) ~[spring-beans-5.2.0.RC1.jar:5.2.0.RC1]
	at org.springframework.beans.factory.support.AbstractBeanFactory.getBean(AbstractBeanFactory.java:207) ~[spring-beans-5.2.0.RC1.jar:5.2.0.RC1]
	at org.springframework.boot.web.servlet.context.ServletWebServerApplicationContext.getWebServerFactory(ServletWebServerApplicationContext.java:210) ~[spring-boot-2.2.0.M5.jar:2.2.0.M5]
	at org.springframework.boot.web.servlet.context.ServletWebServerApplicationContext.createWebServer(ServletWebServerApplicationContext.java:179) ~[spring-boot-2.2.0.M5.jar:2.2.0.M5]
	at org.springframework.boot.web.servlet.context.ServletWebServerApplicationContext.onRefresh(ServletWebServerApplicationContext.java:153) ~[spring-boot-2.2.0.M5.jar:2.2.0.M5]
	... 13 common frames omitted
Caused by: org.springframework.beans.factory.BeanCreationException: Error creating bean with name 'org.springframework.transaction.annotation.ProxyTransactionManagementConfiguration': Initialization of bean failed; nested exception is java.lang.IllegalArgumentException: warning no match for this type name: com.tiktop [Xlint:invalidAbsoluteTypeName]
	at org.springframework.beans.factory.support.AbstractAutowireCapableBeanFactory.doCreateBean(AbstractAutowireCapableBeanFactory.java:603) ~[spring-beans-5.2.0.RC1.jar:5.2.0.RC1]
	at org.springframework.beans.factory.support.AbstractAutowireCapableBeanFactory.createBean(AbstractAutowireCapableBeanFactory.java:517) ~[spring-beans-5.2.0.RC1.jar:5.2.0.RC1]
	at org.springframework.beans.factory.support.AbstractBeanFactory.lambda$doGetBean$0(AbstractBeanFactory.java:323) ~[spring-beans-5.2.0.RC1.jar:5.2.0.RC1]
	at org.springframework.beans.factory.support.DefaultSingletonBeanRegistry.getSingleton(DefaultSingletonBeanRegistry.java:222) ~[spring-beans-5.2.0.RC1.jar:5.2.0.RC1]
	at org.springframework.beans.factory.support.AbstractBeanFactory.doGetBean(AbstractBeanFactory.java:321) ~[spring-beans-5.2.0.RC1.jar:5.2.0.RC1]
	at org.springframework.beans.factory.support.AbstractBeanFactory.getBean(AbstractBeanFactory.java:202) ~[spring-beans-5.2.0.RC1.jar:5.2.0.RC1]
	at org.springframework.beans.factory.support.ConstructorResolver.instantiateUsingFactoryMethod(ConstructorResolver.java:392) ~[spring-beans-5.2.0.RC1.jar:5.2.0.RC1]
	at org.springframework.beans.factory.support.AbstractAutowireCapableBeanFactory.instantiateUsingFactoryMethod(AbstractAutowireCapableBeanFactory.java:1339) ~[spring-beans-5.2.0.RC1.jar:5.2.0.RC1]
	at org.springframework.beans.factory.support.AbstractAutowireCapableBeanFactory.createBeanInstance(AbstractAutowireCapableBeanFactory.java:1178) ~[spring-beans-5.2.0.RC1.jar:5.2.0.RC1]
	at org.springframework.beans.factory.support.AbstractAutowireCapableBeanFactory.doCreateBean(AbstractAutowireCapableBeanFactory.java:557) ~[spring-beans-5.2.0.RC1.jar:5.2.0.RC1]
	at org.springframework.beans.factory.support.AbstractAutowireCapableBeanFactory.createBean(AbstractAutowireCapableBeanFactory.java:517) ~[spring-beans-5.2.0.RC1.jar:5.2.0.RC1]
	at org.springframework.beans.factory.support.AbstractBeanFactory.lambda$doGetBean$0(AbstractBeanFactory.java:323) ~[spring-beans-5.2.0.RC1.jar:5.2.0.RC1]
	at org.springframework.beans.factory.support.DefaultSingletonBeanRegistry.getSingleton(DefaultSingletonBeanRegistry.java:222) ~[spring-beans-5.2.0.RC1.jar:5.2.0.RC1]
	at org.springframework.beans.factory.support.AbstractBeanFactory.doGetBean(AbstractBeanFactory.java:321) ~[spring-beans-5.2.0.RC1.jar:5.2.0.RC1]
	at org.springframework.beans.factory.support.AbstractBeanFactory.getBean(AbstractBeanFactory.java:207) ~[spring-beans-5.2.0.RC1.jar:5.2.0.RC1]
	at org.springframework.aop.framework.autoproxy.BeanFactoryAdvisorRetrievalHelper.findAdvisorBeans(BeanFactoryAdvisorRetrievalHelper.java:91) ~[spring-aop-5.2.0.RC1.jar:5.2.0.RC1]
	at org.springframework.aop.framework.autoproxy.AbstractAdvisorAutoProxyCreator.findCandidateAdvisors(AbstractAdvisorAutoProxyCreator.java:109) ~[spring-aop-5.2.0.RC1.jar:5.2.0.RC1]
	at org.springframework.aop.aspectj.annotation.AnnotationAwareAspectJAutoProxyCreator.findCandidateAdvisors(AnnotationAwareAspectJAutoProxyCreator.java:92) ~[spring-aop-5.2.0.RC1.jar:5.2.0.RC1]
	at org.springframework.aop.aspectj.autoproxy.AspectJAwareAdvisorAutoProxyCreator.shouldSkip(AspectJAwareAdvisorAutoProxyCreator.java:101) ~[spring-aop-5.2.0.RC1.jar:5.2.0.RC1]
	at org.springframework.aop.framework.autoproxy.AbstractAutoProxyCreator.postProcessBeforeInstantiation(AbstractAutoProxyCreator.java:251) ~[spring-aop-5.2.0.RC1.jar:5.2.0.RC1]
	at org.springframework.beans.factory.support.AbstractAutowireCapableBeanFactory.applyBeanPostProcessorsBeforeInstantiation(AbstractAutowireCapableBeanFactory.java:1142) ~[spring-beans-5.2.0.RC1.jar:5.2.0.RC1]
	at org.springframework.beans.factory.support.AbstractAutowireCapableBeanFactory.resolveBeforeInstantiation(AbstractAutowireCapableBeanFactory.java:1115) ~[spring-beans-5.2.0.RC1.jar:5.2.0.RC1]
	at org.springframework.beans.factory.support.AbstractAutowireCapableBeanFactory.createBean(AbstractAutowireCapableBeanFactory.java:506) ~[spring-beans-5.2.0.RC1.jar:5.2.0.RC1]
	... 20 common frames omitted
Caused by: java.lang.IllegalArgumentException: warning no match for this type name: com.tiktop [Xlint:invalidAbsoluteTypeName]
	at org.aspectj.weaver.tools.PointcutParser.parsePointcutExpression(PointcutParser.java:319) ~[aspectjweaver-1.9.4.jar:na]
	at org.springframework.aop.aspectj.AspectJExpressionPointcut.buildPointcutExpression(AspectJExpressionPointcut.java:227) ~[spring-aop-5.2.0.RC1.jar:5.2.0.RC1]
	at org.springframework.aop.aspectj.AspectJExpressionPointcut.obtainPointcutExpression(AspectJExpressionPointcut.java:198) ~[spring-aop-5.2.0.RC1.jar:5.2.0.RC1]
	at org.springframework.aop.aspectj.AspectJExpressionPointcut.getClassFilter(AspectJExpressionPointcut.java:177) ~[spring-aop-5.2.0.RC1.jar:5.2.0.RC1]
	at org.springframework.aop.support.AopUtils.canApply(AopUtils.java:226) ~[spring-aop-5.2.0.RC1.jar:5.2.0.RC1]
	at org.springframework.aop.support.AopUtils.canApply(AopUtils.java:289) ~[spring-aop-5.2.0.RC1.jar:5.2.0.RC1]
	at org.springframework.aop.support.AopUtils.findAdvisorsThatCanApply(AopUtils.java:321) ~[spring-aop-5.2.0.RC1.jar:5.2.0.RC1]
	at org.springframework.aop.framework.autoproxy.AbstractAdvisorAutoProxyCreator.findAdvisorsThatCanApply(AbstractAdvisorAutoProxyCreator.java:126) ~[spring-aop-5.2.0.RC1.jar:5.2.0.RC1]
	at org.springframework.aop.framework.autoproxy.AbstractAdvisorAutoProxyCreator.findEligibleAdvisors(AbstractAdvisorAutoProxyCreator.java:95) ~[spring-aop-5.2.0.RC1.jar:5.2.0.RC1]
	at org.springframework.aop.framework.autoproxy.AbstractAdvisorAutoProxyCreator.getAdvicesAndAdvisorsForBean(AbstractAdvisorAutoProxyCreator.java:76) ~[spring-aop-5.2.0.RC1.jar:5.2.0.RC1]
	at org.springframework.aop.framework.autoproxy.AbstractAutoProxyCreator.wrapIfNecessary(AbstractAutoProxyCreator.java:347) ~[spring-aop-5.2.0.RC1.jar:5.2.0.RC1]
	at org.springframework.aop.framework.autoproxy.AbstractAutoProxyCreator.postProcessAfterInitialization(AbstractAutoProxyCreator.java:299) ~[spring-aop-5.2.0.RC1.jar:5.2.0.RC1]
	at org.springframework.beans.factory.support.AbstractAutowireCapableBeanFactory.applyBeanPostProcessorsAfterInitialization(AbstractAutowireCapableBeanFactory.java:431) ~[spring-beans-5.2.0.RC1.jar:5.2.0.RC1]
	at org.springframework.beans.factory.support.AbstractAutowireCapableBeanFactory.initializeBean(AbstractAutowireCapableBeanFactory.java:1808) ~[spring-beans-5.2.0.RC1.jar:5.2.0.RC1]
	at org.springframework.beans.factory.support.AbstractAutowireCapableBeanFactory.doCreateBean(AbstractAutowireCapableBeanFactory.java:595) ~[spring-beans-5.2.0.RC1.jar:5.2.0.RC1]
	... 42 common frames omitted

2019-11-29 20:39:56.735  INFO 4064 --- [restartedMain] c.tiktop.TiktopgymmanagementApplication  : Starting TiktopgymmanagementApplication on DESKTOP-70GHNSM with PID 4064 (started by Paing in C:\Users\Paing\Desktop\sts testing environment\tiktopgym_managementsystem\tiktopgymmanagement)
2019-11-29 20:39:56.735  INFO 4064 --- [restartedMain] c.tiktop.TiktopgymmanagementApplication  : No active profile set, falling back to default profiles: default
2019-11-29 20:39:57.256  WARN 4064 --- [restartedMain] org.apache.tomcat.util.modeler.Registry  : The MBean registry cannot be disabled because it has already been initialised
2019-11-29 20:39:57.318  INFO 4064 --- [restartedMain] o.apache.catalina.core.StandardService   : Starting service [Tomcat]
2019-11-29 20:39:57.324  INFO 4064 --- [restartedMain] org.apache.catalina.core.StandardEngine  : Starting Servlet engine: [Apache Tomcat/9.0.22]
2019-11-29 20:39:57.353  INFO 4064 --- [restartedMain] o.a.c.c.C.[Tomcat].[localhost].[/]       : Initializing Spring embedded WebApplicationContext
2019-11-29 20:39:58.131  INFO 4064 --- [restartedMain] c.tiktop.TiktopgymmanagementApplication  : Started TiktopgymmanagementApplication in 1.437 seconds (JVM running for 320.383)
2019-11-29 20:40:09.405  INFO 4064 --- [restartedMain] c.tiktop.TiktopgymmanagementApplication  : Starting TiktopgymmanagementApplication on DESKTOP-70GHNSM with PID 4064 (started by Paing in C:\Users\Paing\Desktop\sts testing environment\tiktopgym_managementsystem\tiktopgymmanagement)
2019-11-29 20:40:09.406  INFO 4064 --- [restartedMain] c.tiktop.TiktopgymmanagementApplication  : No active profile set, falling back to default profiles: default
2019-11-29 20:40:09.875  WARN 4064 --- [restartedMain] org.apache.tomcat.util.modeler.Registry  : The MBean registry cannot be disabled because it has already been initialised
2019-11-29 20:40:09.925  INFO 4064 --- [restartedMain] o.apache.catalina.core.StandardService   : Starting service [Tomcat]
2019-11-29 20:40:09.926  INFO 4064 --- [restartedMain] org.apache.catalina.core.StandardEngine  : Starting Servlet engine: [Apache Tomcat/9.0.22]
2019-11-29 20:40:09.955  INFO 4064 --- [restartedMain] o.a.c.c.C.[Tomcat].[localhost].[/]       : Initializing Spring embedded WebApplicationContext
2019-11-29 20:40:10.716  INFO 4064 --- [restartedMain] c.tiktop.TiktopgymmanagementApplication  : Started TiktopgymmanagementApplication in 1.348 seconds (JVM running for 332.968)
2019-11-29 20:40:14.089  INFO 4064 --- [http-nio-8080-exec-1] o.a.c.c.C.[Tomcat].[localhost].[/]       : Initializing Spring DispatcherServlet 'dispatcherServlet'
2019-11-29 20:40:14.121  INFO 4064 --- [http-nio-8080-exec-1] com.zaxxer.hikari.HikariDataSource       : HikariPool-3 - Starting...
2019-11-29 20:40:14.134  INFO 4064 --- [http-nio-8080-exec-1] com.zaxxer.hikari.HikariDataSource       : HikariPool-3 - Start completed.
2019-11-29 20:40:14.135 DEBUG 4064 --- [http-nio-8080-exec-1] c.tiktop.mapper.MemberMapper.findMember  : ==>  Preparing: SELECT * FROM member WHERE login = ? 
2019-11-29 20:40:14.135 DEBUG 4064 --- [http-nio-8080-exec-1] c.tiktop.mapper.MemberMapper.findMember  : ==> Parameters: ppp(String)
2019-11-29 20:40:14.139 DEBUG 4064 --- [http-nio-8080-exec-1] c.tiktop.mapper.MemberMapper.findMember  : <==      Total: 4
2019-11-29 20:40:14.150 DEBUG 4064 --- [http-nio-8080-exec-1] c.t.m.AttendanceMapper.findAttendance    : ==>  Preparing: SELECT * FROM attendance WHERE member_id = ? 
2019-11-29 20:40:14.151 DEBUG 4064 --- [http-nio-8080-exec-1] c.t.m.AttendanceMapper.findAttendance    : ==> Parameters: 20(Integer)
2019-11-29 20:40:14.154 DEBUG 4064 --- [http-nio-8080-exec-1] c.t.m.AttendanceMapper.findAttendance    : <==      Total: 4
2019-11-29 20:40:23.794 DEBUG 4064 --- [http-nio-8080-exec-1] c.tiktop.mapper.MemberMapper.findMember  : ==>  Preparing: SELECT * FROM member WHERE login = ? 
2019-11-29 20:40:23.795 DEBUG 4064 --- [http-nio-8080-exec-1] c.tiktop.mapper.MemberMapper.findMember  : ==> Parameters: ppp(String)
2019-11-29 20:40:23.796 DEBUG 4064 --- [http-nio-8080-exec-1] c.tiktop.mapper.MemberMapper.findMember  : <==      Total: 4
2019-11-29 20:40:36.142  INFO 4064 --- [Thread-26] com.zaxxer.hikari.HikariDataSource       : HikariPool-3 - Shutdown initiated...
2019-11-29 20:40:36.154  INFO 4064 --- [Thread-26] com.zaxxer.hikari.HikariDataSource       : HikariPool-3 - Shutdown completed.
2019-11-29 20:40:36.564  INFO 4064 --- [restartedMain] c.tiktop.TiktopgymmanagementApplication  : Starting TiktopgymmanagementApplication on DESKTOP-70GHNSM with PID 4064 (started by Paing in C:\Users\Paing\Desktop\sts testing environment\tiktopgym_managementsystem\tiktopgymmanagement)
2019-11-29 20:40:36.565  INFO 4064 --- [restartedMain] c.tiktop.TiktopgymmanagementApplication  : No active profile set, falling back to default profiles: default
2019-11-29 20:40:37.052  WARN 4064 --- [restartedMain] org.apache.tomcat.util.modeler.Registry  : The MBean registry cannot be disabled because it has already been initialised
2019-11-29 20:40:37.101  INFO 4064 --- [restartedMain] o.apache.catalina.core.StandardService   : Starting service [Tomcat]
2019-11-29 20:40:37.102  INFO 4064 --- [restartedMain] org.apache.catalina.core.StandardEngine  : Starting Servlet engine: [Apache Tomcat/9.0.22]
2019-11-29 20:40:37.122  INFO 4064 --- [restartedMain] o.a.c.c.C.[Tomcat].[localhost].[/]       : Initializing Spring embedded WebApplicationContext
2019-11-29 20:40:37.870  INFO 4064 --- [restartedMain] c.tiktop.TiktopgymmanagementApplication  : Started TiktopgymmanagementApplication in 1.336 seconds (JVM running for 360.123)
2019-11-29 20:40:38.250  INFO 4064 --- [http-nio-8080-exec-1] o.a.c.c.C.[Tomcat].[localhost].[/]       : Initializing Spring DispatcherServlet 'dispatcherServlet'
2019-11-29 20:40:38.264  INFO 4064 --- [http-nio-8080-exec-1] sObject$$EnhancerBySpringCGLIB$$dc9925b1 :  Check for user access 
2019-11-29 20:40:38.265  INFO 4064 --- [http-nio-8080-exec-1] sObject$$EnhancerBySpringCGLIB$$dc9925b1 :  Allowed execution for execution(Member com.tiktop.services.MemberServiceImpl.findMemberByLogin(String))
2019-11-29 20:40:38.282  INFO 4064 --- [http-nio-8080-exec-1] com.zaxxer.hikari.HikariDataSource       : HikariPool-4 - Starting...
2019-11-29 20:40:38.287  INFO 4064 --- [http-nio-8080-exec-1] com.zaxxer.hikari.HikariDataSource       : HikariPool-4 - Start completed.
2019-11-29 20:40:38.288 DEBUG 4064 --- [http-nio-8080-exec-1] c.tiktop.mapper.MemberMapper.findMember  : ==>  Preparing: SELECT * FROM member WHERE login = ? 
2019-11-29 20:40:38.289 DEBUG 4064 --- [http-nio-8080-exec-1] c.tiktop.mapper.MemberMapper.findMember  : ==> Parameters: ppp(String)
2019-11-29 20:40:38.290 DEBUG 4064 --- [http-nio-8080-exec-1] c.tiktop.mapper.MemberMapper.findMember  : <==      Total: 4
2019-11-29 20:41:36.629  INFO 4064 --- [http-nio-8080-exec-7] sObject$$EnhancerBySpringCGLIB$$dc9925b1 :  Check for user access 
2019-11-29 20:41:36.630  INFO 4064 --- [http-nio-8080-exec-7] sObject$$EnhancerBySpringCGLIB$$dc9925b1 :  Allowed execution for execution(Member com.tiktop.services.MemberServiceImpl.findMemberByLogin(String))
2019-11-29 20:41:36.631 DEBUG 4064 --- [http-nio-8080-exec-7] c.tiktop.mapper.MemberMapper.findMember  : ==>  Preparing: SELECT * FROM member WHERE login = ? 
2019-11-29 20:41:36.632 DEBUG 4064 --- [http-nio-8080-exec-7] c.tiktop.mapper.MemberMapper.findMember  : ==> Parameters: ppp(String)
2019-11-29 20:41:36.633 DEBUG 4064 --- [http-nio-8080-exec-7] c.tiktop.mapper.MemberMapper.findMember  : <==      Total: 4
2019-11-29 20:41:45.630  INFO 4064 --- [http-nio-8080-exec-1] sObject$$EnhancerBySpringCGLIB$$dc9925b1 :  Check for user access 
2019-11-29 20:41:45.633  INFO 4064 --- [http-nio-8080-exec-1] sObject$$EnhancerBySpringCGLIB$$dc9925b1 :  Allowed execution for execution(Member com.tiktop.services.MemberServiceImpl.findMemberByLogin(String))
2019-11-29 20:41:45.636 DEBUG 4064 --- [http-nio-8080-exec-1] c.tiktop.mapper.MemberMapper.findMember  : ==>  Preparing: SELECT * FROM member WHERE login = ? 
2019-11-29 20:41:45.637 DEBUG 4064 --- [http-nio-8080-exec-1] c.tiktop.mapper.MemberMapper.findMember  : ==> Parameters: ppp(String)
2019-11-29 20:41:45.639 DEBUG 4064 --- [http-nio-8080-exec-1] c.tiktop.mapper.MemberMapper.findMember  : <==      Total: 4
2019-11-29 20:41:45.639  INFO 4064 --- [http-nio-8080-exec-1] sObject$$EnhancerBySpringCGLIB$$dc9925b1 :  Check for user access 
2019-11-29 20:41:45.639  INFO 4064 --- [http-nio-8080-exec-1] sObject$$EnhancerBySpringCGLIB$$dc9925b1 :  Allowed execution for execution(Boolean com.tiktop.services.AttendanceServiceImpl.checkDate(Attendance))
